{"C:\\Users\\Developer2\\Desktop\\js-band-hw-task-5\\src\\index.js": {"path":"C:\\Users\\Developer2\\Desktop\\js-band-hw-task-5\\src\\index.js","statementMap":{},"fnMap":{},"branchMap":{},"s":{},"f":{},"b":{},"hash":"418470e096b03ed4a5e2cc32f31d965879359d76"}
,"C:\\Users\\Developer2\\Desktop\\js-band-hw-task-5\\src\\helpers\\common.helper.js": {"path":"C:\\Users\\Developer2\\Desktop\\js-band-hw-task-5\\src\\helpers\\common.helper.js","statementMap":{"0":{"start":{"line":1,"column":30},"end":{"line":7,"column":1}},"1":{"start":{"line":2,"column":2},"end":{"line":6,"column":3}},"2":{"start":{"line":2,"column":15},"end":{"line":2,"column":16}},"3":{"start":{"line":2,"column":31},"end":{"line":2,"column":39}},"4":{"start":{"line":3,"column":4},"end":{"line":5,"column":5}},"5":{"start":{"line":4,"column":6},"end":{"line":4,"column":29}},"6":{"start":{"line":11,"column":15},"end":{"line":11,"column":40}},"7":{"start":{"line":12,"column":30},"end":{"line":12,"column":89}},"8":{"start":{"line":12,"column":51},"end":{"line":12,"column":88}},"9":{"start":{"line":13,"column":20},"end":{"line":13,"column":62}},"10":{"start":{"line":15,"column":2},"end":{"line":15,"column":27}},"11":{"start":{"line":17,"column":2},"end":{"line":34,"column":3}},"12":{"start":{"line":17,"column":15},"end":{"line":17,"column":16}},"13":{"start":{"line":17,"column":31},"end":{"line":17,"column":50}},"14":{"start":{"line":18,"column":18},"end":{"line":18,"column":47}},"15":{"start":{"line":19,"column":4},"end":{"line":19,"column":33}},"16":{"start":{"line":20,"column":16},"end":{"line":20,"column":72}},"17":{"start":{"line":28,"column":4},"end":{"line":32,"column":7}},"18":{"start":{"line":29,"column":6},"end":{"line":31,"column":7}},"19":{"start":{"line":30,"column":8},"end":{"line":30,"column":73}},"20":{"start":{"line":33,"column":4},"end":{"line":33,"column":28}}},"fnMap":{"0":{"name":"clearFormField","decl":{"start":{"line":1,"column":39},"end":{"line":1,"column":53}},"loc":{"start":{"line":1,"column":64},"end":{"line":7,"column":1}},"line":1},"1":{"name":"renderList","decl":{"start":{"line":10,"column":16},"end":{"line":10,"column":26}},"loc":{"start":{"line":10,"column":29},"end":{"line":35,"column":1}},"line":10},"2":{"name":"(anonymous_2)","decl":{"start":{"line":12,"column":42},"end":{"line":12,"column":43}},"loc":{"start":{"line":12,"column":51},"end":{"line":12,"column":88}},"line":12},"3":{"name":"(anonymous_3)","decl":{"start":{"line":28,"column":29},"end":{"line":28,"column":30}},"loc":{"start":{"line":28,"column":38},"end":{"line":32,"column":5}},"line":28}},"branchMap":{"0":{"loc":{"start":{"line":3,"column":4},"end":{"line":5,"column":5}},"type":"if","locations":[{"start":{"line":3,"column":4},"end":{"line":5,"column":5}},{"start":{"line":3,"column":4},"end":{"line":5,"column":5}}],"line":3},"1":{"loc":{"start":{"line":3,"column":8},"end":{"line":3,"column":72}},"type":"binary-expr","locations":[{"start":{"line":3,"column":8},"end":{"line":3,"column":35}},{"start":{"line":3,"column":39},"end":{"line":3,"column":72}}],"line":3},"2":{"loc":{"start":{"line":29,"column":6},"end":{"line":31,"column":7}},"type":"if","locations":[{"start":{"line":29,"column":6},"end":{"line":31,"column":7}},{"start":{"line":29,"column":6},"end":{"line":31,"column":7}}],"line":29}},"s":{"0":0,"1":0,"2":0,"3":0,"4":0,"5":0,"6":0,"7":0,"8":0,"9":0,"10":0,"11":0,"12":0,"13":0,"14":0,"15":0,"16":0,"17":0,"18":0,"19":0,"20":0},"f":{"0":0,"1":0,"2":0,"3":0},"b":{"0":[0,0],"1":[0,0],"2":[0,0]},"hash":"b6e89f04edc749142a62a9b0138af1c7e9486282"}
,"C:\\Users\\Developer2\\Desktop\\js-band-hw-task-5\\src\\js\\common.js": {"path":"C:\\Users\\Developer2\\Desktop\\js-band-hw-task-5\\src\\js\\common.js","statementMap":{"0":{"start":{"line":6,"column":12},"end":{"line":6,"column":75}},"1":{"start":{"line":8,"column":0},"end":{"line":8,"column":17}}},"fnMap":{},"branchMap":{},"s":{"0":0,"1":0},"f":{},"b":{},"hash":"0b078e2ee026cb24fe47a5adac5f4f9d0094b449"}
,"C:\\Users\\Developer2\\Desktop\\js-band-hw-task-5\\src\\js\\controller\\Controller.js": {"path":"C:\\Users\\Developer2\\Desktop\\js-band-hw-task-5\\src\\js\\controller\\Controller.js","statementMap":{"0":{"start":{"line":3,"column":4},"end":{"line":3,"column":23}},"1":{"start":{"line":4,"column":4},"end":{"line":4,"column":21}},"2":{"start":{"line":5,"column":4},"end":{"line":5,"column":37}},"3":{"start":{"line":7,"column":4},"end":{"line":7,"column":28}},"4":{"start":{"line":8,"column":4},"end":{"line":8,"column":29}},"5":{"start":{"line":9,"column":4},"end":{"line":9,"column":28}}},"fnMap":{"0":{"name":"(anonymous_0)","decl":{"start":{"line":2,"column":2},"end":{"line":2,"column":3}},"loc":{"start":{"line":2,"column":41},"end":{"line":11,"column":3}},"line":2}},"branchMap":{},"s":{"0":0,"1":0,"2":0,"3":0,"4":0,"5":0},"f":{"0":0},"b":{},"hash":"b0bff1dc8036470f558e5b32b80a8dece8410627"}
,"C:\\Users\\Developer2\\Desktop\\js-band-hw-task-5\\src\\js\\models\\Cost.js": {"path":"C:\\Users\\Developer2\\Desktop\\js-band-hw-task-5\\src\\js\\models\\Cost.js","statementMap":{"0":{"start":{"line":5,"column":4},"end":{"line":5,"column":49}},"1":{"start":{"line":6,"column":4},"end":{"line":6,"column":39}},"2":{"start":{"line":7,"column":4},"end":{"line":7,"column":39}},"3":{"start":{"line":9,"column":4},"end":{"line":9,"column":21}},"4":{"start":{"line":10,"column":4},"end":{"line":10,"column":30}},"5":{"start":{"line":14,"column":4},"end":{"line":14,"column":73}},"6":{"start":{"line":19,"column":0},"end":{"line":19,"column":16}},"7":{"start":{"line":21,"column":17},"end":{"line":21,"column":42}},"8":{"start":{"line":22,"column":28},"end":{"line":22,"column":86}},"9":{"start":{"line":22,"column":53},"end":{"line":22,"column":85}},"10":{"start":{"line":23,"column":16},"end":{"line":23,"column":78}},"11":{"start":{"line":23,"column":47},"end":{"line":23,"column":77}},"12":{"start":{"line":24,"column":17},"end":{"line":24,"column":37}},"13":{"start":{"line":26,"column":0},"end":{"line":28,"column":1}},"14":{"start":{"line":27,"column":2},"end":{"line":27,"column":29}},"15":{"start":{"line":32,"column":15},"end":{"line":32,"column":40}},"16":{"start":{"line":33,"column":24},"end":{"line":33,"column":78}},"17":{"start":{"line":33,"column":45},"end":{"line":33,"column":77}},"18":{"start":{"line":34,"column":24},"end":{"line":34,"column":59}},"19":{"start":{"line":37,"column":2},"end":{"line":37,"column":31}},"20":{"start":{"line":39,"column":2},"end":{"line":57,"column":3}},"21":{"start":{"line":39,"column":15},"end":{"line":39,"column":16}},"22":{"start":{"line":39,"column":31},"end":{"line":39,"column":44}},"23":{"start":{"line":40,"column":18},"end":{"line":40,"column":47}},"24":{"start":{"line":41,"column":4},"end":{"line":41,"column":33}},"25":{"start":{"line":42,"column":16},"end":{"line":42,"column":66}},"26":{"start":{"line":44,"column":4},"end":{"line":48,"column":7}},"27":{"start":{"line":45,"column":6},"end":{"line":47,"column":7}},"28":{"start":{"line":46,"column":8},"end":{"line":46,"column":73}},"29":{"start":{"line":56,"column":4},"end":{"line":56,"column":32}},"30":{"start":{"line":60,"column":0},"end":{"line":60,"column":13}},"31":{"start":{"line":62,"column":24},"end":{"line":75,"column":1}},"32":{"start":{"line":63,"column":15},"end":{"line":67,"column":4}},"33":{"start":{"line":69,"column":2},"end":{"line":69,"column":28}},"34":{"start":{"line":71,"column":23},"end":{"line":71,"column":58}},"35":{"start":{"line":72,"column":2},"end":{"line":72,"column":27}},"36":{"start":{"line":74,"column":2},"end":{"line":74,"column":15}}},"fnMap":{"0":{"name":"(anonymous_0)","decl":{"start":{"line":4,"column":2},"end":{"line":4,"column":3}},"loc":{"start":{"line":4,"column":23},"end":{"line":11,"column":3}},"line":4},"1":{"name":"(anonymous_1)","decl":{"start":{"line":13,"column":2},"end":{"line":13,"column":3}},"loc":{"start":{"line":13,"column":23},"end":{"line":15,"column":3}},"line":13},"2":{"name":"(anonymous_2)","decl":{"start":{"line":22,"column":44},"end":{"line":22,"column":45}},"loc":{"start":{"line":22,"column":53},"end":{"line":22,"column":85}},"line":22},"3":{"name":"(anonymous_3)","decl":{"start":{"line":23,"column":40},"end":{"line":23,"column":41}},"loc":{"start":{"line":23,"column":47},"end":{"line":23,"column":77}},"line":23},"4":{"name":"renderList","decl":{"start":{"line":31,"column":9},"end":{"line":31,"column":19}},"loc":{"start":{"line":31,"column":22},"end":{"line":58,"column":1}},"line":31},"5":{"name":"(anonymous_5)","decl":{"start":{"line":33,"column":36},"end":{"line":33,"column":37}},"loc":{"start":{"line":33,"column":45},"end":{"line":33,"column":77}},"line":33},"6":{"name":"(anonymous_6)","decl":{"start":{"line":44,"column":29},"end":{"line":44,"column":30}},"loc":{"start":{"line":44,"column":38},"end":{"line":48,"column":5}},"line":44},"7":{"name":"saveCost","decl":{"start":{"line":62,"column":33},"end":{"line":62,"column":41}},"loc":{"start":{"line":62,"column":44},"end":{"line":75,"column":1}},"line":62}},"branchMap":{"0":{"loc":{"start":{"line":26,"column":0},"end":{"line":28,"column":1}},"type":"if","locations":[{"start":{"line":26,"column":0},"end":{"line":28,"column":1}},{"start":{"line":26,"column":0},"end":{"line":28,"column":1}}],"line":26},"1":{"loc":{"start":{"line":45,"column":6},"end":{"line":47,"column":7}},"type":"if","locations":[{"start":{"line":45,"column":6},"end":{"line":47,"column":7}},{"start":{"line":45,"column":6},"end":{"line":47,"column":7}}],"line":45}},"s":{"0":0,"1":0,"2":0,"3":0,"4":0,"5":0,"6":0,"7":0,"8":0,"9":0,"10":0,"11":0,"12":0,"13":0,"14":0,"15":0,"16":0,"17":0,"18":0,"19":0,"20":0,"21":0,"22":0,"23":0,"24":0,"25":0,"26":0,"27":0,"28":0,"29":0,"30":0,"31":0,"32":0,"33":0,"34":0,"35":0,"36":0},"f":{"0":0,"1":0,"2":0,"3":0,"4":0,"5":0,"6":0,"7":0},"b":{"0":[0,0],"1":[0,0]},"hash":"c13647fbfae18b77d0853aa11b27c20eec828f6a"}
,"C:\\Users\\Developer2\\Desktop\\js-band-hw-task-5\\src\\js\\models\\Factory.js": {"path":"C:\\Users\\Developer2\\Desktop\\js-band-hw-task-5\\src\\js\\models\\Factory.js","statementMap":{},"fnMap":{},"branchMap":{},"s":{},"f":{},"b":{},"hash":"6b0b532ba5b4eb56c4cfbd42ad81460bb0ce3c7d"}
,"C:\\Users\\Developer2\\Desktop\\js-band-hw-task-5\\src\\js\\models\\LocalStorage.js": {"path":"C:\\Users\\Developer2\\Desktop\\js-band-hw-task-5\\src\\js\\models\\LocalStorage.js","statementMap":{"0":{"start":{"line":3,"column":4},"end":{"line":3,"column":32}},"1":{"start":{"line":4,"column":4},"end":{"line":4,"column":43}},"2":{"start":{"line":8,"column":17},"end":{"line":8,"column":42}},"3":{"start":{"line":9,"column":23},"end":{"line":9,"column":73}},"4":{"start":{"line":9,"column":44},"end":{"line":9,"column":72}},"5":{"start":{"line":10,"column":20},"end":{"line":10,"column":22}},"6":{"start":{"line":11,"column":4},"end":{"line":15,"column":5}},"7":{"start":{"line":11,"column":17},"end":{"line":11,"column":18}},"8":{"start":{"line":11,"column":33},"end":{"line":11,"column":43}},"9":{"start":{"line":12,"column":6},"end":{"line":12,"column":48}},"10":{"start":{"line":13,"column":18},"end":{"line":13,"column":65}},"11":{"start":{"line":14,"column":6},"end":{"line":14,"column":24}},"12":{"start":{"line":16,"column":4},"end":{"line":16,"column":19}},"13":{"start":{"line":21,"column":4},"end":{"line":21,"column":37}},"14":{"start":{"line":25,"column":4},"end":{"line":25,"column":37}}},"fnMap":{"0":{"name":"(anonymous_0)","decl":{"start":{"line":2,"column":2},"end":{"line":2,"column":3}},"loc":{"start":{"line":2,"column":16},"end":{"line":5,"column":3}},"line":2},"1":{"name":"(anonymous_1)","decl":{"start":{"line":7,"column":2},"end":{"line":7,"column":3}},"loc":{"start":{"line":7,"column":22},"end":{"line":17,"column":3}},"line":7},"2":{"name":"(anonymous_2)","decl":{"start":{"line":9,"column":35},"end":{"line":9,"column":36}},"loc":{"start":{"line":9,"column":44},"end":{"line":9,"column":72}},"line":9},"3":{"name":"(anonymous_3)","decl":{"start":{"line":19,"column":2},"end":{"line":19,"column":3}},"loc":{"start":{"line":19,"column":28},"end":{"line":22,"column":3}},"line":19},"4":{"name":"(anonymous_4)","decl":{"start":{"line":24,"column":2},"end":{"line":24,"column":3}},"loc":{"start":{"line":24,"column":32},"end":{"line":26,"column":3}},"line":24}},"branchMap":{},"s":{"0":0,"1":0,"2":0,"3":0,"4":0,"5":0,"6":0,"7":0,"8":0,"9":0,"10":0,"11":0,"12":0,"13":0,"14":0},"f":{"0":0,"1":0,"2":0,"3":0,"4":0},"b":{},"hash":"75ec1854a020cce839e99ac0dfc944ca39ce8c92"}
,"C:\\Users\\Developer2\\Desktop\\js-band-hw-task-5\\src\\js\\models\\Model.js": {"path":"C:\\Users\\Developer2\\Desktop\\js-band-hw-task-5\\src\\js\\models\\Model.js","statementMap":{},"fnMap":{},"branchMap":{},"s":{},"f":{},"b":{},"hash":"ac09eb1da97bcd944d259d69e34175ce153e3644"}
,"C:\\Users\\Developer2\\Desktop\\js-band-hw-task-5\\src\\js\\models\\Ship.js": {"path":"C:\\Users\\Developer2\\Desktop\\js-band-hw-task-5\\src\\js\\models\\Ship.js","statementMap":{"0":{"start":{"line":7,"column":4},"end":{"line":7,"column":19}},"1":{"start":{"line":8,"column":4},"end":{"line":8,"column":33}},"2":{"start":{"line":9,"column":4},"end":{"line":9,"column":43}},"3":{"start":{"line":13,"column":4},"end":{"line":13,"column":43}},"4":{"start":{"line":18,"column":24},"end":{"line":40,"column":1}},"5":{"start":{"line":19,"column":25},"end":{"line":27,"column":4}},"6":{"start":{"line":29,"column":2},"end":{"line":29,"column":110}},"7":{"start":{"line":30,"column":2},"end":{"line":30,"column":106}},"8":{"start":{"line":31,"column":2},"end":{"line":31,"column":115}},"9":{"start":{"line":32,"column":2},"end":{"line":32,"column":110}},"10":{"start":{"line":34,"column":2},"end":{"line":34,"column":38}},"11":{"start":{"line":36,"column":23},"end":{"line":36,"column":58}},"12":{"start":{"line":37,"column":2},"end":{"line":37,"column":27}},"13":{"start":{"line":39,"column":2},"end":{"line":39,"column":15}},"14":{"start":{"line":42,"column":21},"end":{"line":50,"column":2}},"15":{"start":{"line":51,"column":0},"end":{"line":51,"column":34}}},"fnMap":{"0":{"name":"(anonymous_0)","decl":{"start":{"line":6,"column":2},"end":{"line":6,"column":3}},"loc":{"start":{"line":6,"column":23},"end":{"line":10,"column":3}},"line":6},"1":{"name":"(anonymous_1)","decl":{"start":{"line":12,"column":2},"end":{"line":12,"column":3}},"loc":{"start":{"line":12,"column":21},"end":{"line":14,"column":3}},"line":12},"2":{"name":"saveShip","decl":{"start":{"line":18,"column":33},"end":{"line":18,"column":41}},"loc":{"start":{"line":18,"column":44},"end":{"line":40,"column":1}},"line":18}},"branchMap":{},"s":{"0":0,"1":0,"2":0,"3":0,"4":0,"5":0,"6":0,"7":0,"8":0,"9":0,"10":0,"11":0,"12":0,"13":0,"14":0,"15":0},"f":{"0":0,"1":0,"2":0},"b":{},"hash":"7ded0e7fbfab0138a4ae092404103c11c6f8a58f"}
,"C:\\Users\\Developer2\\Desktop\\js-band-hw-task-5\\src\\js\\models\\Transport.js": {"path":"C:\\Users\\Developer2\\Desktop\\js-band-hw-task-5\\src\\js\\models\\Transport.js","statementMap":{"0":{"start":{"line":5,"column":18},"end":{"line":5,"column":55}},"1":{"start":{"line":6,"column":18},"end":{"line":6,"column":55}},"2":{"start":{"line":7,"column":4},"end":{"line":7,"column":68}},"3":{"start":{"line":11,"column":4},"end":{"line":11,"column":25}},"4":{"start":{"line":12,"column":4},"end":{"line":12,"column":25}},"5":{"start":{"line":13,"column":4},"end":{"line":13,"column":31}},"6":{"start":{"line":14,"column":4},"end":{"line":14,"column":45}},"7":{"start":{"line":15,"column":4},"end":{"line":15,"column":37}},"8":{"start":{"line":16,"column":4},"end":{"line":16,"column":45}},"9":{"start":{"line":17,"column":4},"end":{"line":17,"column":26}},"10":{"start":{"line":18,"column":4},"end":{"line":18,"column":40}},"11":{"start":{"line":22,"column":4},"end":{"line":22,"column":32}},"12":{"start":{"line":26,"column":17},"end":{"line":26,"column":44}},"13":{"start":{"line":27,"column":19},"end":{"line":27,"column":64}},"14":{"start":{"line":27,"column":37},"end":{"line":27,"column":62}},"15":{"start":{"line":28,"column":4},"end":{"line":32,"column":5}},"16":{"start":{"line":29,"column":6},"end":{"line":29,"column":48}},"17":{"start":{"line":31,"column":6},"end":{"line":31,"column":85}},"18":{"start":{"line":36,"column":4},"end":{"line":36,"column":45}},"19":{"start":{"line":40,"column":4},"end":{"line":40,"column":29}},"20":{"start":{"line":44,"column":4},"end":{"line":44,"column":16}},"21":{"start":{"line":49,"column":0},"end":{"line":49,"column":21}},"22":{"start":{"line":51,"column":13},"end":{"line":51,"column":38}},"23":{"start":{"line":52,"column":28},"end":{"line":52,"column":87}},"24":{"start":{"line":52,"column":49},"end":{"line":52,"column":86}},"25":{"start":{"line":53,"column":16},"end":{"line":53,"column":83}},"26":{"start":{"line":53,"column":47},"end":{"line":53,"column":82}},"27":{"start":{"line":54,"column":17},"end":{"line":54,"column":37}},"28":{"start":{"line":56,"column":0},"end":{"line":58,"column":1}},"29":{"start":{"line":57,"column":2},"end":{"line":57,"column":34}}},"fnMap":{"0":{"name":"(anonymous_0)","decl":{"start":{"line":4,"column":2},"end":{"line":4,"column":3}},"loc":{"start":{"line":4,"column":28},"end":{"line":8,"column":3}},"line":4},"1":{"name":"(anonymous_1)","decl":{"start":{"line":10,"column":2},"end":{"line":10,"column":3}},"loc":{"start":{"line":10,"column":63},"end":{"line":19,"column":3}},"line":10},"2":{"name":"(anonymous_2)","decl":{"start":{"line":21,"column":2},"end":{"line":21,"column":3}},"loc":{"start":{"line":21,"column":15},"end":{"line":23,"column":3}},"line":21},"3":{"name":"(anonymous_3)","decl":{"start":{"line":25,"column":2},"end":{"line":25,"column":3}},"loc":{"start":{"line":25,"column":23},"end":{"line":33,"column":3}},"line":25},"4":{"name":"(anonymous_4)","decl":{"start":{"line":27,"column":29},"end":{"line":27,"column":30}},"loc":{"start":{"line":27,"column":37},"end":{"line":27,"column":62}},"line":27},"5":{"name":"(anonymous_5)","decl":{"start":{"line":35,"column":2},"end":{"line":35,"column":3}},"loc":{"start":{"line":35,"column":25},"end":{"line":37,"column":3}},"line":35},"6":{"name":"(anonymous_6)","decl":{"start":{"line":39,"column":2},"end":{"line":39,"column":3}},"loc":{"start":{"line":39,"column":21},"end":{"line":41,"column":3}},"line":39},"7":{"name":"(anonymous_7)","decl":{"start":{"line":43,"column":2},"end":{"line":43,"column":3}},"loc":{"start":{"line":43,"column":12},"end":{"line":45,"column":3}},"line":43},"8":{"name":"(anonymous_8)","decl":{"start":{"line":52,"column":40},"end":{"line":52,"column":41}},"loc":{"start":{"line":52,"column":49},"end":{"line":52,"column":86}},"line":52},"9":{"name":"(anonymous_9)","decl":{"start":{"line":53,"column":40},"end":{"line":53,"column":41}},"loc":{"start":{"line":53,"column":47},"end":{"line":53,"column":82}},"line":53}},"branchMap":{"0":{"loc":{"start":{"line":10,"column":23},"end":{"line":10,"column":61}},"type":"default-arg","locations":[{"start":{"line":10,"column":32},"end":{"line":10,"column":61}}],"line":10},"1":{"loc":{"start":{"line":28,"column":4},"end":{"line":32,"column":5}},"type":"if","locations":[{"start":{"line":28,"column":4},"end":{"line":32,"column":5}},{"start":{"line":28,"column":4},"end":{"line":32,"column":5}}],"line":28},"2":{"loc":{"start":{"line":56,"column":0},"end":{"line":58,"column":1}},"type":"if","locations":[{"start":{"line":56,"column":0},"end":{"line":58,"column":1}},{"start":{"line":56,"column":0},"end":{"line":58,"column":1}}],"line":56}},"s":{"0":0,"1":0,"2":0,"3":0,"4":0,"5":0,"6":0,"7":0,"8":0,"9":0,"10":0,"11":0,"12":0,"13":0,"14":0,"15":0,"16":0,"17":0,"18":0,"19":0,"20":0,"21":0,"22":0,"23":0,"24":0,"25":0,"26":0,"27":0,"28":0,"29":0},"f":{"0":0,"1":0,"2":0,"3":0,"4":0,"5":0,"6":0,"7":0,"8":0,"9":0},"b":{"0":[0],"1":[0,0],"2":[0,0]},"hash":"5dcee4a3476983018fae69df95e715e300dd3848"}
,"C:\\Users\\Developer2\\Desktop\\js-band-hw-task-5\\src\\js\\models\\Truck.js": {"path":"C:\\Users\\Developer2\\Desktop\\js-band-hw-task-5\\src\\js\\models\\Truck.js","statementMap":{"0":{"start":{"line":7,"column":4},"end":{"line":7,"column":19}},"1":{"start":{"line":8,"column":4},"end":{"line":8,"column":45}},"2":{"start":{"line":9,"column":4},"end":{"line":9,"column":39}},"3":{"start":{"line":13,"column":4},"end":{"line":13,"column":43}},"4":{"start":{"line":17,"column":22},"end":{"line":25,"column":2}},"5":{"start":{"line":26,"column":0},"end":{"line":26,"column":35}},"6":{"start":{"line":28,"column":0},"end":{"line":28,"column":13}},"7":{"start":{"line":31,"column":25},"end":{"line":53,"column":1}},"8":{"start":{"line":32,"column":25},"end":{"line":40,"column":4}},"9":{"start":{"line":42,"column":2},"end":{"line":42,"column":109}},"10":{"start":{"line":43,"column":2},"end":{"line":43,"column":105}},"11":{"start":{"line":44,"column":2},"end":{"line":44,"column":114}},"12":{"start":{"line":45,"column":2},"end":{"line":45,"column":109}},"13":{"start":{"line":47,"column":2},"end":{"line":47,"column":38}},"14":{"start":{"line":49,"column":23},"end":{"line":49,"column":59}},"15":{"start":{"line":50,"column":2},"end":{"line":50,"column":27}},"16":{"start":{"line":52,"column":2},"end":{"line":52,"column":15}}},"fnMap":{"0":{"name":"(anonymous_0)","decl":{"start":{"line":6,"column":2},"end":{"line":6,"column":3}},"loc":{"start":{"line":6,"column":23},"end":{"line":10,"column":3}},"line":6},"1":{"name":"(anonymous_1)","decl":{"start":{"line":12,"column":2},"end":{"line":12,"column":3}},"loc":{"start":{"line":12,"column":21},"end":{"line":14,"column":3}},"line":12},"2":{"name":"saveTruck","decl":{"start":{"line":31,"column":34},"end":{"line":31,"column":43}},"loc":{"start":{"line":31,"column":46},"end":{"line":53,"column":1}},"line":31}},"branchMap":{},"s":{"0":0,"1":0,"2":0,"3":0,"4":0,"5":0,"6":0,"7":0,"8":0,"9":0,"10":0,"11":0,"12":0,"13":0,"14":0,"15":0,"16":0},"f":{"0":0,"1":0,"2":0},"b":{},"hash":"f71056c708194ee2a58e691a62e6089471523827"}
,"C:\\Users\\Developer2\\Desktop\\js-band-hw-task-5\\src\\js\\models\\forms\\Form.js": {"path":"C:\\Users\\Developer2\\Desktop\\js-band-hw-task-5\\src\\js\\models\\forms\\Form.js","statementMap":{"0":{"start":{"line":3,"column":4},"end":{"line":3,"column":33}},"1":{"start":{"line":4,"column":4},"end":{"line":4,"column":41}},"2":{"start":{"line":5,"column":4},"end":{"line":5,"column":43}},"3":{"start":{"line":6,"column":4},"end":{"line":6,"column":31}},"4":{"start":{"line":7,"column":4},"end":{"line":7,"column":45}},"5":{"start":{"line":8,"column":4},"end":{"line":8,"column":37}},"6":{"start":{"line":9,"column":4},"end":{"line":9,"column":45}}},"fnMap":{"0":{"name":"(anonymous_0)","decl":{"start":{"line":2,"column":2},"end":{"line":2,"column":3}},"loc":{"start":{"line":2,"column":23},"end":{"line":10,"column":3}},"line":2}},"branchMap":{},"s":{"0":0,"1":0,"2":0,"3":0,"4":0,"5":0,"6":0},"f":{"0":0},"b":{},"hash":"07b0f229df0a74cc57e83c9a6a56eaa9fffd2926"}
,"C:\\Users\\Developer2\\Desktop\\js-band-hw-task-5\\src\\js\\models\\forms\\ShipForm.js": {"path":"C:\\Users\\Developer2\\Desktop\\js-band-hw-task-5\\src\\js\\models\\forms\\ShipForm.js","statementMap":{"0":{"start":{"line":5,"column":4},"end":{"line":5,"column":19}},"1":{"start":{"line":6,"column":4},"end":{"line":6,"column":57}},"2":{"start":{"line":7,"column":4},"end":{"line":7,"column":43}}},"fnMap":{"0":{"name":"(anonymous_0)","decl":{"start":{"line":4,"column":2},"end":{"line":4,"column":3}},"loc":{"start":{"line":4,"column":23},"end":{"line":8,"column":3}},"line":4}},"branchMap":{},"s":{"0":0,"1":0,"2":0},"f":{"0":0},"b":{},"hash":"18f5fac11b306b34f9d1c3b5991bfbdb346ec9fb"}
,"C:\\Users\\Developer2\\Desktop\\js-band-hw-task-5\\src\\js\\models\\forms\\TransportFormFactory.js": {"path":"C:\\Users\\Developer2\\Desktop\\js-band-hw-task-5\\src\\js\\models\\forms\\TransportFormFactory.js","statementMap":{"0":{"start":{"line":6,"column":4},"end":{"line":6,"column":41}},"1":{"start":{"line":7,"column":4},"end":{"line":19,"column":5}},"2":{"start":{"line":8,"column":6},"end":{"line":18,"column":9}},"3":{"start":{"line":20,"column":4},"end":{"line":32,"column":5}},"4":{"start":{"line":21,"column":6},"end":{"line":31,"column":9}},"5":{"start":{"line":36,"column":4},"end":{"line":36,"column":16}}},"fnMap":{"0":{"name":"(anonymous_0)","decl":{"start":{"line":5,"column":2},"end":{"line":5,"column":3}},"loc":{"start":{"line":5,"column":15},"end":{"line":37,"column":3}},"line":5}},"branchMap":{"0":{"loc":{"start":{"line":7,"column":4},"end":{"line":19,"column":5}},"type":"if","locations":[{"start":{"line":7,"column":4},"end":{"line":19,"column":5}},{"start":{"line":7,"column":4},"end":{"line":19,"column":5}}],"line":7},"1":{"loc":{"start":{"line":20,"column":4},"end":{"line":32,"column":5}},"type":"if","locations":[{"start":{"line":20,"column":4},"end":{"line":32,"column":5}},{"start":{"line":20,"column":4},"end":{"line":32,"column":5}}],"line":20}},"s":{"0":0,"1":0,"2":0,"3":0,"4":0,"5":0},"f":{"0":0},"b":{"0":[0,0],"1":[0,0]},"hash":"4a4554a3238a3c29fafa90e6a82a69e97928e27c"}
,"C:\\Users\\Developer2\\Desktop\\js-band-hw-task-5\\src\\js\\models\\forms\\TruckForm.js": {"path":"C:\\Users\\Developer2\\Desktop\\js-band-hw-task-5\\src\\js\\models\\forms\\TruckForm.js","statementMap":{"0":{"start":{"line":5,"column":4},"end":{"line":5,"column":19}},"1":{"start":{"line":6,"column":4},"end":{"line":6,"column":45}},"2":{"start":{"line":7,"column":4},"end":{"line":7,"column":39}}},"fnMap":{"0":{"name":"(anonymous_0)","decl":{"start":{"line":4,"column":2},"end":{"line":4,"column":3}},"loc":{"start":{"line":4,"column":23},"end":{"line":8,"column":3}},"line":4}},"branchMap":{},"s":{"0":0,"1":0,"2":0},"f":{"0":0},"b":{},"hash":"7c8b560b6b96ba62c754033ef8c8b1f6a7935eb5"}
,"C:\\Users\\Developer2\\Desktop\\js-band-hw-task-5\\src\\js\\view\\ViewForm.js": {"path":"C:\\Users\\Developer2\\Desktop\\js-band-hw-task-5\\src\\js\\view\\ViewForm.js","statementMap":{"0":{"start":{"line":11,"column":4},"end":{"line":11,"column":42}},"1":{"start":{"line":13,"column":4},"end":{"line":13,"column":46}},"2":{"start":{"line":14,"column":4},"end":{"line":14,"column":48}},"3":{"start":{"line":17,"column":4},"end":{"line":17,"column":43}},"4":{"start":{"line":18,"column":4},"end":{"line":18,"column":54}},"5":{"start":{"line":21,"column":4},"end":{"line":21,"column":45}},"6":{"start":{"line":22,"column":4},"end":{"line":22,"column":41}},"7":{"start":{"line":23,"column":4},"end":{"line":23,"column":34}},"8":{"start":{"line":26,"column":4},"end":{"line":26,"column":80}},"9":{"start":{"line":27,"column":4},"end":{"line":27,"column":88}},"10":{"start":{"line":30,"column":4},"end":{"line":30,"column":81}},"11":{"start":{"line":31,"column":4},"end":{"line":31,"column":69}},"12":{"start":{"line":32,"column":4},"end":{"line":32,"column":90}},"13":{"start":{"line":33,"column":4},"end":{"line":33,"column":68}},"14":{"start":{"line":37,"column":4},"end":{"line":37,"column":105}},"15":{"start":{"line":38,"column":4},"end":{"line":38,"column":108}},"16":{"start":{"line":41,"column":4},"end":{"line":41,"column":96}},"17":{"start":{"line":42,"column":4},"end":{"line":42,"column":99}},"18":{"start":{"line":45,"column":4},"end":{"line":45,"column":83}},"19":{"start":{"line":46,"column":4},"end":{"line":46,"column":86}},"20":{"start":{"line":49,"column":4},"end":{"line":49,"column":92}},"21":{"start":{"line":50,"column":4},"end":{"line":50,"column":95}},"22":{"start":{"line":53,"column":4},"end":{"line":53,"column":90}},"23":{"start":{"line":54,"column":4},"end":{"line":54,"column":92}},"24":{"start":{"line":57,"column":4},"end":{"line":57,"column":58}},"25":{"start":{"line":58,"column":4},"end":{"line":58,"column":42}},"26":{"start":{"line":59,"column":4},"end":{"line":59,"column":47}},"27":{"start":{"line":61,"column":4},"end":{"line":61,"column":347}},"28":{"start":{"line":62,"column":4},"end":{"line":62,"column":32}},"29":{"start":{"line":66,"column":4},"end":{"line":66,"column":46}},"30":{"start":{"line":67,"column":4},"end":{"line":67,"column":50}},"31":{"start":{"line":70,"column":4},"end":{"line":70,"column":48}},"32":{"start":{"line":71,"column":4},"end":{"line":71,"column":60}},"33":{"start":{"line":74,"column":4},"end":{"line":74,"column":48}},"34":{"start":{"line":75,"column":4},"end":{"line":75,"column":45}},"35":{"start":{"line":76,"column":4},"end":{"line":76,"column":42}},"36":{"start":{"line":79,"column":4},"end":{"line":79,"column":82}},"37":{"start":{"line":80,"column":4},"end":{"line":80,"column":90}},"38":{"start":{"line":83,"column":4},"end":{"line":83,"column":83}},"39":{"start":{"line":84,"column":4},"end":{"line":84,"column":71}},"40":{"start":{"line":85,"column":4},"end":{"line":85,"column":95}},"41":{"start":{"line":86,"column":4},"end":{"line":86,"column":70}},"42":{"start":{"line":90,"column":4},"end":{"line":90,"column":93}},"43":{"start":{"line":91,"column":4},"end":{"line":91,"column":96}},"44":{"start":{"line":94,"column":4},"end":{"line":94,"column":98}},"45":{"start":{"line":95,"column":4},"end":{"line":95,"column":101}},"46":{"start":{"line":98,"column":4},"end":{"line":98,"column":85}},"47":{"start":{"line":99,"column":4},"end":{"line":99,"column":88}},"48":{"start":{"line":102,"column":4},"end":{"line":102,"column":98}},"49":{"start":{"line":103,"column":4},"end":{"line":103,"column":101}},"50":{"start":{"line":106,"column":4},"end":{"line":106,"column":92}},"51":{"start":{"line":107,"column":4},"end":{"line":107,"column":74}},"52":{"start":{"line":108,"column":4},"end":{"line":108,"column":75}},"53":{"start":{"line":109,"column":4},"end":{"line":109,"column":68}},"54":{"start":{"line":112,"column":4},"end":{"line":112,"column":59}},"55":{"start":{"line":113,"column":4},"end":{"line":113,"column":44}},"56":{"start":{"line":114,"column":4},"end":{"line":114,"column":48}},"57":{"start":{"line":116,"column":4},"end":{"line":116,"column":373}},"58":{"start":{"line":117,"column":4},"end":{"line":117,"column":35}},"59":{"start":{"line":120,"column":4},"end":{"line":120,"column":47}},"60":{"start":{"line":121,"column":4},"end":{"line":121,"column":40}},"61":{"start":{"line":125,"column":4},"end":{"line":125,"column":48}},"62":{"start":{"line":126,"column":4},"end":{"line":126,"column":34}},"63":{"start":{"line":127,"column":4},"end":{"line":127,"column":41}},"64":{"start":{"line":130,"column":4},"end":{"line":130,"column":77}},"65":{"start":{"line":131,"column":4},"end":{"line":131,"column":65}},"66":{"start":{"line":132,"column":4},"end":{"line":132,"column":125}},"67":{"start":{"line":133,"column":4},"end":{"line":133,"column":66}},"68":{"start":{"line":136,"column":4},"end":{"line":136,"column":82}},"69":{"start":{"line":137,"column":4},"end":{"line":137,"column":85}},"70":{"start":{"line":140,"column":4},"end":{"line":140,"column":85}},"71":{"start":{"line":141,"column":4},"end":{"line":141,"column":88}},"72":{"start":{"line":144,"column":4},"end":{"line":144,"column":58}},"73":{"start":{"line":145,"column":4},"end":{"line":145,"column":42}},"74":{"start":{"line":146,"column":4},"end":{"line":146,"column":47}},"75":{"start":{"line":149,"column":4},"end":{"line":149,"column":161}},"76":{"start":{"line":150,"column":4},"end":{"line":150,"column":35}},"77":{"start":{"line":155,"column":4},"end":{"line":155,"column":57}},"78":{"start":{"line":156,"column":20},"end":{"line":156,"column":47}},"79":{"start":{"line":157,"column":4},"end":{"line":157,"column":52}},"80":{"start":{"line":157,"column":19},"end":{"line":157,"column":52}},"81":{"start":{"line":158,"column":4},"end":{"line":158,"column":19}},"82":{"start":{"line":163,"column":4},"end":{"line":163,"column":51}},"83":{"start":{"line":164,"column":4},"end":{"line":164,"column":44}},"84":{"start":{"line":168,"column":20},"end":{"line":168,"column":48}},"85":{"start":{"line":169,"column":4},"end":{"line":169,"column":29}},"86":{"start":{"line":170,"column":4},"end":{"line":170,"column":31}},"87":{"start":{"line":171,"column":4},"end":{"line":171,"column":19}},"88":{"start":{"line":175,"column":20},"end":{"line":175,"column":48}},"89":{"start":{"line":176,"column":4},"end":{"line":176,"column":20}},"90":{"start":{"line":177,"column":4},"end":{"line":177,"column":24}},"91":{"start":{"line":178,"column":4},"end":{"line":178,"column":38}},"92":{"start":{"line":179,"column":4},"end":{"line":179,"column":19}},"93":{"start":{"line":183,"column":20},"end":{"line":183,"column":49}},"94":{"start":{"line":184,"column":4},"end":{"line":184,"column":20}},"95":{"start":{"line":185,"column":4},"end":{"line":185,"column":19}},"96":{"start":{"line":189,"column":21},"end":{"line":189,"column":26}},"97":{"start":{"line":190,"column":4},"end":{"line":190,"column":35}},"98":{"start":{"line":191,"column":19},"end":{"line":196,"column":6}},"99":{"start":{"line":192,"column":21},"end":{"line":192,"column":50}},"100":{"start":{"line":193,"column":6},"end":{"line":193,"column":29}},"101":{"start":{"line":194,"column":6},"end":{"line":194,"column":35}},"102":{"start":{"line":195,"column":6},"end":{"line":195,"column":20}},"103":{"start":{"line":197,"column":4},"end":{"line":197,"column":18}},"104":{"start":{"line":201,"column":4},"end":{"line":204,"column":7}},"105":{"start":{"line":202,"column":6},"end":{"line":202,"column":29}},"106":{"start":{"line":203,"column":6},"end":{"line":203,"column":17}},"107":{"start":{"line":208,"column":4},"end":{"line":211,"column":7}},"108":{"start":{"line":209,"column":6},"end":{"line":209,"column":29}},"109":{"start":{"line":210,"column":6},"end":{"line":210,"column":18}},"110":{"start":{"line":215,"column":4},"end":{"line":218,"column":7}},"111":{"start":{"line":216,"column":6},"end":{"line":216,"column":29}},"112":{"start":{"line":217,"column":6},"end":{"line":217,"column":17}}},"fnMap":{"0":{"name":"(anonymous_0)","decl":{"start":{"line":9,"column":2},"end":{"line":9,"column":3}},"loc":{"start":{"line":9,"column":16},"end":{"line":151,"column":3}},"line":9},"1":{"name":"(anonymous_1)","decl":{"start":{"line":154,"column":2},"end":{"line":154,"column":3}},"loc":{"start":{"line":154,"column":33},"end":{"line":159,"column":3}},"line":154},"2":{"name":"(anonymous_2)","decl":{"start":{"line":162,"column":2},"end":{"line":162,"column":3}},"loc":{"start":{"line":162,"column":24},"end":{"line":165,"column":3}},"line":162},"3":{"name":"(anonymous_3)","decl":{"start":{"line":167,"column":2},"end":{"line":167,"column":3}},"loc":{"start":{"line":167,"column":29},"end":{"line":172,"column":3}},"line":167},"4":{"name":"(anonymous_4)","decl":{"start":{"line":174,"column":2},"end":{"line":174,"column":3}},"loc":{"start":{"line":174,"column":38},"end":{"line":180,"column":3}},"line":174},"5":{"name":"(anonymous_5)","decl":{"start":{"line":182,"column":2},"end":{"line":182,"column":3}},"loc":{"start":{"line":182,"column":20},"end":{"line":186,"column":3}},"line":182},"6":{"name":"(anonymous_6)","decl":{"start":{"line":188,"column":2},"end":{"line":188,"column":3}},"loc":{"start":{"line":188,"column":24},"end":{"line":198,"column":3}},"line":188},"7":{"name":"(anonymous_7)","decl":{"start":{"line":191,"column":29},"end":{"line":191,"column":30}},"loc":{"start":{"line":191,"column":42},"end":{"line":196,"column":5}},"line":191},"8":{"name":"(anonymous_8)","decl":{"start":{"line":200,"column":2},"end":{"line":200,"column":3}},"loc":{"start":{"line":200,"column":23},"end":{"line":205,"column":3}},"line":200},"9":{"name":"(anonymous_9)","decl":{"start":{"line":201,"column":42},"end":{"line":201,"column":43}},"loc":{"start":{"line":201,"column":53},"end":{"line":204,"column":5}},"line":201},"10":{"name":"(anonymous_10)","decl":{"start":{"line":207,"column":2},"end":{"line":207,"column":3}},"loc":{"start":{"line":207,"column":24},"end":{"line":212,"column":3}},"line":207},"11":{"name":"(anonymous_11)","decl":{"start":{"line":208,"column":45},"end":{"line":208,"column":46}},"loc":{"start":{"line":208,"column":56},"end":{"line":211,"column":5}},"line":208},"12":{"name":"(anonymous_12)","decl":{"start":{"line":214,"column":2},"end":{"line":214,"column":3}},"loc":{"start":{"line":214,"column":23},"end":{"line":219,"column":3}},"line":214},"13":{"name":"(anonymous_13)","decl":{"start":{"line":215,"column":45},"end":{"line":215,"column":46}},"loc":{"start":{"line":215,"column":56},"end":{"line":218,"column":5}},"line":215}},"branchMap":{"0":{"loc":{"start":{"line":157,"column":4},"end":{"line":157,"column":52}},"type":"if","locations":[{"start":{"line":157,"column":4},"end":{"line":157,"column":52}},{"start":{"line":157,"column":4},"end":{"line":157,"column":52}}],"line":157}},"s":{"0":0,"1":0,"2":0,"3":0,"4":0,"5":0,"6":0,"7":0,"8":0,"9":0,"10":0,"11":0,"12":0,"13":0,"14":0,"15":0,"16":0,"17":0,"18":0,"19":0,"20":0,"21":0,"22":0,"23":0,"24":0,"25":0,"26":0,"27":0,"28":0,"29":0,"30":0,"31":0,"32":0,"33":0,"34":0,"35":0,"36":0,"37":0,"38":0,"39":0,"40":0,"41":0,"42":0,"43":0,"44":0,"45":0,"46":0,"47":0,"48":0,"49":0,"50":0,"51":0,"52":0,"53":0,"54":0,"55":0,"56":0,"57":0,"58":0,"59":0,"60":0,"61":0,"62":0,"63":0,"64":0,"65":0,"66":0,"67":0,"68":0,"69":0,"70":0,"71":0,"72":0,"73":0,"74":0,"75":0,"76":0,"77":0,"78":0,"79":0,"80":0,"81":0,"82":0,"83":0,"84":0,"85":0,"86":0,"87":0,"88":0,"89":0,"90":0,"91":0,"92":0,"93":0,"94":0,"95":0,"96":0,"97":0,"98":0,"99":0,"100":0,"101":0,"102":0,"103":0,"104":0,"105":0,"106":0,"107":0,"108":0,"109":0,"110":0,"111":0,"112":0},"f":{"0":0,"1":0,"2":0,"3":0,"4":0,"5":0,"6":0,"7":0,"8":0,"9":0,"10":0,"11":0,"12":0,"13":0},"b":{"0":[0,0]},"hash":"86cf6d2d8f5595f41bf74b150aa114e8c9881a8c"}
,"C:\\Users\\Developer2\\Desktop\\js-band-hw-task-5\\src\\root\\config\\postcss.config.js": {"path":"C:\\Users\\Developer2\\Desktop\\js-band-hw-task-5\\src\\root\\config\\postcss.config.js","statementMap":{"0":{"start":{"line":1,"column":0},"end":{"line":16,"column":2}}},"fnMap":{},"branchMap":{},"s":{"0":0},"f":{},"b":{},"hash":"e06fc2e1a1a0dec4a41a88e0196fd25bdf700106"}
,"C:\\Users\\Developer2\\Desktop\\js-band-hw-task-5\\src\\test\\fortest.js": {"path":"C:\\Users\\Developer2\\Desktop\\js-band-hw-task-5\\src\\test\\fortest.js","statementMap":{"0":{"start":{"line":2,"column":2},"end":{"line":2,"column":11}}},"fnMap":{"0":{"name":"testFunction","decl":{"start":{"line":1,"column":16},"end":{"line":1,"column":28}},"loc":{"start":{"line":1,"column":31},"end":{"line":3,"column":1}},"line":1}},"branchMap":{},"s":{"0":1},"f":{"0":1},"b":{},"_coverageSchema":"43e27e138ebf9cfc5966b082cf9a028302ed4184","hash":"5464140d63a4d2bd190838818457ffa7d6967130"}
}
