{"C:\\Users\\Developer2\\Desktop\\js-band-hw-task-5\\src\\index.js": {"path":"C:\\Users\\Developer2\\Desktop\\js-band-hw-task-5\\src\\index.js","statementMap":{},"fnMap":{},"branchMap":{},"s":{},"f":{},"b":{},"hash":"418470e096b03ed4a5e2cc32f31d965879359d76"}
,"C:\\Users\\Developer2\\Desktop\\js-band-hw-task-5\\src\\js\\common.js": {"path":"C:\\Users\\Developer2\\Desktop\\js-band-hw-task-5\\src\\js\\common.js","statementMap":{"0":{"start":{"line":6,"column":12},"end":{"line":6,"column":75}},"1":{"start":{"line":8,"column":0},"end":{"line":8,"column":17}}},"fnMap":{},"branchMap":{},"s":{"0":0,"1":0},"f":{},"b":{},"hash":"0b078e2ee026cb24fe47a5adac5f4f9d0094b449"}
,"C:\\Users\\Developer2\\Desktop\\js-band-hw-task-5\\src\\js\\controller\\Controller.js": {"path":"C:\\Users\\Developer2\\Desktop\\js-band-hw-task-5\\src\\js\\controller\\Controller.js","statementMap":{"0":{"start":{"line":3,"column":4},"end":{"line":3,"column":23}},"1":{"start":{"line":4,"column":4},"end":{"line":4,"column":21}},"2":{"start":{"line":5,"column":4},"end":{"line":5,"column":37}},"3":{"start":{"line":7,"column":4},"end":{"line":7,"column":28}},"4":{"start":{"line":8,"column":4},"end":{"line":8,"column":29}},"5":{"start":{"line":9,"column":4},"end":{"line":9,"column":28}}},"fnMap":{"0":{"name":"(anonymous_0)","decl":{"start":{"line":2,"column":2},"end":{"line":2,"column":3}},"loc":{"start":{"line":2,"column":41},"end":{"line":11,"column":3}},"line":2}},"branchMap":{},"s":{"0":0,"1":0,"2":0,"3":0,"4":0,"5":0},"f":{"0":0},"b":{},"_coverageSchema":"43e27e138ebf9cfc5966b082cf9a028302ed4184","hash":"b0bff1dc8036470f558e5b32b80a8dece8410627"}
,"C:\\Users\\Developer2\\Desktop\\js-band-hw-task-5\\src\\js\\models\\Cost.js": {"path":"C:\\Users\\Developer2\\Desktop\\js-band-hw-task-5\\src\\js\\models\\Cost.js","statementMap":{"0":{"start":{"line":5,"column":4},"end":{"line":5,"column":49}},"1":{"start":{"line":6,"column":4},"end":{"line":6,"column":39}},"2":{"start":{"line":7,"column":4},"end":{"line":7,"column":39}},"3":{"start":{"line":9,"column":4},"end":{"line":9,"column":21}},"4":{"start":{"line":10,"column":4},"end":{"line":10,"column":30}},"5":{"start":{"line":14,"column":4},"end":{"line":14,"column":73}},"6":{"start":{"line":19,"column":0},"end":{"line":19,"column":16}},"7":{"start":{"line":21,"column":17},"end":{"line":21,"column":42}},"8":{"start":{"line":22,"column":28},"end":{"line":22,"column":86}},"9":{"start":{"line":22,"column":53},"end":{"line":22,"column":85}},"10":{"start":{"line":23,"column":16},"end":{"line":23,"column":78}},"11":{"start":{"line":23,"column":47},"end":{"line":23,"column":77}},"12":{"start":{"line":24,"column":17},"end":{"line":24,"column":37}},"13":{"start":{"line":26,"column":0},"end":{"line":28,"column":1}},"14":{"start":{"line":27,"column":2},"end":{"line":27,"column":29}},"15":{"start":{"line":32,"column":15},"end":{"line":32,"column":40}},"16":{"start":{"line":33,"column":24},"end":{"line":33,"column":78}},"17":{"start":{"line":33,"column":45},"end":{"line":33,"column":77}},"18":{"start":{"line":34,"column":24},"end":{"line":34,"column":59}},"19":{"start":{"line":37,"column":2},"end":{"line":39,"column":3}},"20":{"start":{"line":38,"column":4},"end":{"line":38,"column":33}},"21":{"start":{"line":41,"column":2},"end":{"line":59,"column":3}},"22":{"start":{"line":41,"column":15},"end":{"line":41,"column":16}},"23":{"start":{"line":41,"column":31},"end":{"line":41,"column":44}},"24":{"start":{"line":42,"column":18},"end":{"line":42,"column":47}},"25":{"start":{"line":43,"column":4},"end":{"line":43,"column":33}},"26":{"start":{"line":44,"column":16},"end":{"line":44,"column":66}},"27":{"start":{"line":46,"column":4},"end":{"line":50,"column":7}},"28":{"start":{"line":47,"column":6},"end":{"line":49,"column":7}},"29":{"start":{"line":48,"column":8},"end":{"line":48,"column":73}},"30":{"start":{"line":58,"column":4},"end":{"line":58,"column":32}},"31":{"start":{"line":62,"column":0},"end":{"line":62,"column":13}},"32":{"start":{"line":64,"column":24},"end":{"line":77,"column":1}},"33":{"start":{"line":65,"column":15},"end":{"line":69,"column":4}},"34":{"start":{"line":71,"column":2},"end":{"line":71,"column":28}},"35":{"start":{"line":73,"column":23},"end":{"line":73,"column":58}},"36":{"start":{"line":74,"column":2},"end":{"line":74,"column":27}},"37":{"start":{"line":76,"column":2},"end":{"line":76,"column":15}}},"fnMap":{"0":{"name":"(anonymous_0)","decl":{"start":{"line":4,"column":2},"end":{"line":4,"column":3}},"loc":{"start":{"line":4,"column":23},"end":{"line":11,"column":3}},"line":4},"1":{"name":"(anonymous_1)","decl":{"start":{"line":13,"column":2},"end":{"line":13,"column":3}},"loc":{"start":{"line":13,"column":23},"end":{"line":15,"column":3}},"line":13},"2":{"name":"(anonymous_2)","decl":{"start":{"line":22,"column":44},"end":{"line":22,"column":45}},"loc":{"start":{"line":22,"column":53},"end":{"line":22,"column":85}},"line":22},"3":{"name":"(anonymous_3)","decl":{"start":{"line":23,"column":40},"end":{"line":23,"column":41}},"loc":{"start":{"line":23,"column":47},"end":{"line":23,"column":77}},"line":23},"4":{"name":"renderList","decl":{"start":{"line":31,"column":16},"end":{"line":31,"column":26}},"loc":{"start":{"line":31,"column":29},"end":{"line":60,"column":1}},"line":31},"5":{"name":"(anonymous_5)","decl":{"start":{"line":33,"column":36},"end":{"line":33,"column":37}},"loc":{"start":{"line":33,"column":45},"end":{"line":33,"column":77}},"line":33},"6":{"name":"(anonymous_6)","decl":{"start":{"line":46,"column":29},"end":{"line":46,"column":30}},"loc":{"start":{"line":46,"column":38},"end":{"line":50,"column":5}},"line":46},"7":{"name":"saveCost","decl":{"start":{"line":64,"column":33},"end":{"line":64,"column":41}},"loc":{"start":{"line":64,"column":44},"end":{"line":77,"column":1}},"line":64}},"branchMap":{"0":{"loc":{"start":{"line":26,"column":0},"end":{"line":28,"column":1}},"type":"if","locations":[{"start":{"line":26,"column":0},"end":{"line":28,"column":1}},{"start":{"line":26,"column":0},"end":{"line":28,"column":1}}],"line":26},"1":{"loc":{"start":{"line":37,"column":2},"end":{"line":39,"column":3}},"type":"if","locations":[{"start":{"line":37,"column":2},"end":{"line":39,"column":3}},{"start":{"line":37,"column":2},"end":{"line":39,"column":3}}],"line":37},"2":{"loc":{"start":{"line":47,"column":6},"end":{"line":49,"column":7}},"type":"if","locations":[{"start":{"line":47,"column":6},"end":{"line":49,"column":7}},{"start":{"line":47,"column":6},"end":{"line":49,"column":7}}],"line":47}},"s":{"0":1,"1":1,"2":1,"3":1,"4":1,"5":0,"6":1,"7":1,"8":1,"9":0,"10":1,"11":0,"12":1,"13":1,"14":0,"15":1,"16":1,"17":0,"18":1,"19":1,"20":0,"21":1,"22":1,"23":1,"24":0,"25":0,"26":0,"27":0,"28":0,"29":0,"30":0,"31":1,"32":1,"33":0,"34":0,"35":0,"36":0,"37":0},"f":{"0":1,"1":0,"2":0,"3":0,"4":1,"5":0,"6":0,"7":0},"b":{"0":[0,1],"1":[0,1],"2":[0,0]},"_coverageSchema":"43e27e138ebf9cfc5966b082cf9a028302ed4184","hash":"15cf289fb3406c619cc7490d177e8bee6e6db649"}
,"C:\\Users\\Developer2\\Desktop\\js-band-hw-task-5\\src\\js\\models\\Factory.js": {"path":"C:\\Users\\Developer2\\Desktop\\js-band-hw-task-5\\src\\js\\models\\Factory.js","statementMap":{"0":{"start":{"line":3,"column":4},"end":{"line":3,"column":37}}},"fnMap":{"0":{"name":"(anonymous_0)","decl":{"start":{"line":2,"column":2},"end":{"line":2,"column":3}},"loc":{"start":{"line":2,"column":23},"end":{"line":4,"column":3}},"line":2}},"branchMap":{},"s":{"0":1},"f":{"0":1},"b":{},"_coverageSchema":"43e27e138ebf9cfc5966b082cf9a028302ed4184","hash":"5d49debae84583cbaae430936e2c797996c4ed9d"}
,"C:\\Users\\Developer2\\Desktop\\js-band-hw-task-5\\src\\js\\models\\LocalStorage.js": {"path":"C:\\Users\\Developer2\\Desktop\\js-band-hw-task-5\\src\\js\\models\\LocalStorage.js","statementMap":{"0":{"start":{"line":3,"column":4},"end":{"line":3,"column":32}},"1":{"start":{"line":4,"column":4},"end":{"line":4,"column":43}},"2":{"start":{"line":8,"column":4},"end":{"line":18,"column":5}},"3":{"start":{"line":9,"column":19},"end":{"line":9,"column":44}},"4":{"start":{"line":10,"column":25},"end":{"line":10,"column":75}},"5":{"start":{"line":10,"column":46},"end":{"line":10,"column":74}},"6":{"start":{"line":11,"column":22},"end":{"line":11,"column":24}},"7":{"start":{"line":12,"column":6},"end":{"line":16,"column":7}},"8":{"start":{"line":12,"column":19},"end":{"line":12,"column":20}},"9":{"start":{"line":12,"column":35},"end":{"line":12,"column":45}},"10":{"start":{"line":13,"column":8},"end":{"line":13,"column":50}},"11":{"start":{"line":14,"column":20},"end":{"line":14,"column":67}},"12":{"start":{"line":15,"column":8},"end":{"line":15,"column":26}},"13":{"start":{"line":17,"column":6},"end":{"line":17,"column":21}},"14":{"start":{"line":20,"column":4},"end":{"line":20,"column":21}},"15":{"start":{"line":26,"column":4},"end":{"line":26,"column":37}},"16":{"start":{"line":30,"column":4},"end":{"line":30,"column":37}}},"fnMap":{"0":{"name":"(anonymous_0)","decl":{"start":{"line":2,"column":2},"end":{"line":2,"column":3}},"loc":{"start":{"line":2,"column":16},"end":{"line":5,"column":3}},"line":2},"1":{"name":"(anonymous_1)","decl":{"start":{"line":7,"column":2},"end":{"line":7,"column":3}},"loc":{"start":{"line":7,"column":22},"end":{"line":22,"column":3}},"line":7},"2":{"name":"(anonymous_2)","decl":{"start":{"line":10,"column":37},"end":{"line":10,"column":38}},"loc":{"start":{"line":10,"column":46},"end":{"line":10,"column":74}},"line":10},"3":{"name":"(anonymous_3)","decl":{"start":{"line":24,"column":2},"end":{"line":24,"column":3}},"loc":{"start":{"line":24,"column":28},"end":{"line":27,"column":3}},"line":24},"4":{"name":"(anonymous_4)","decl":{"start":{"line":29,"column":2},"end":{"line":29,"column":3}},"loc":{"start":{"line":29,"column":32},"end":{"line":31,"column":3}},"line":29}},"branchMap":{"0":{"loc":{"start":{"line":8,"column":4},"end":{"line":18,"column":5}},"type":"if","locations":[{"start":{"line":8,"column":4},"end":{"line":18,"column":5}},{"start":{"line":8,"column":4},"end":{"line":18,"column":5}}],"line":8}},"s":{"0":0,"1":0,"2":0,"3":0,"4":0,"5":0,"6":0,"7":0,"8":0,"9":0,"10":0,"11":0,"12":0,"13":0,"14":0,"15":0,"16":0},"f":{"0":0,"1":0,"2":0,"3":0,"4":0},"b":{"0":[0,0]},"hash":"2a537dad925795d21ee56a14a037bf60b045ed27"}
,"C:\\Users\\Developer2\\Desktop\\js-band-hw-task-5\\src\\js\\models\\Model.js": {"path":"C:\\Users\\Developer2\\Desktop\\js-band-hw-task-5\\src\\js\\models\\Model.js","statementMap":{"0":{"start":{"line":3,"column":4},"end":{"line":3,"column":37}}},"fnMap":{"0":{"name":"(anonymous_0)","decl":{"start":{"line":2,"column":2},"end":{"line":2,"column":3}},"loc":{"start":{"line":2,"column":23},"end":{"line":4,"column":3}},"line":2}},"branchMap":{},"s":{"0":1},"f":{"0":1},"b":{},"_coverageSchema":"43e27e138ebf9cfc5966b082cf9a028302ed4184","hash":"ba6f9d7fb1f8bacc9c8b4ab80a6024f3fd048310"}
,"C:\\Users\\Developer2\\Desktop\\js-band-hw-task-5\\src\\js\\models\\Ship.js": {"path":"C:\\Users\\Developer2\\Desktop\\js-band-hw-task-5\\src\\js\\models\\Ship.js","statementMap":{"0":{"start":{"line":6,"column":4},"end":{"line":6,"column":19}},"1":{"start":{"line":7,"column":4},"end":{"line":7,"column":33}},"2":{"start":{"line":8,"column":4},"end":{"line":8,"column":43}},"3":{"start":{"line":12,"column":4},"end":{"line":12,"column":43}},"4":{"start":{"line":17,"column":24},"end":{"line":39,"column":1}},"5":{"start":{"line":18,"column":25},"end":{"line":26,"column":4}},"6":{"start":{"line":28,"column":2},"end":{"line":28,"column":110}},"7":{"start":{"line":29,"column":2},"end":{"line":29,"column":106}},"8":{"start":{"line":30,"column":2},"end":{"line":30,"column":115}},"9":{"start":{"line":31,"column":2},"end":{"line":31,"column":110}},"10":{"start":{"line":33,"column":2},"end":{"line":33,"column":38}},"11":{"start":{"line":35,"column":23},"end":{"line":35,"column":58}},"12":{"start":{"line":36,"column":2},"end":{"line":36,"column":27}},"13":{"start":{"line":38,"column":2},"end":{"line":38,"column":15}},"14":{"start":{"line":41,"column":21},"end":{"line":49,"column":2}},"15":{"start":{"line":50,"column":0},"end":{"line":50,"column":34}}},"fnMap":{"0":{"name":"(anonymous_0)","decl":{"start":{"line":5,"column":2},"end":{"line":5,"column":3}},"loc":{"start":{"line":5,"column":23},"end":{"line":9,"column":3}},"line":5},"1":{"name":"(anonymous_1)","decl":{"start":{"line":11,"column":2},"end":{"line":11,"column":3}},"loc":{"start":{"line":11,"column":21},"end":{"line":13,"column":3}},"line":11},"2":{"name":"saveShip","decl":{"start":{"line":17,"column":33},"end":{"line":17,"column":41}},"loc":{"start":{"line":17,"column":44},"end":{"line":39,"column":1}},"line":17}},"branchMap":{},"s":{"0":2,"1":2,"2":2,"3":0,"4":1,"5":0,"6":0,"7":0,"8":0,"9":0,"10":0,"11":0,"12":0,"13":0,"14":1,"15":1},"f":{"0":2,"1":0,"2":0},"b":{},"_coverageSchema":"43e27e138ebf9cfc5966b082cf9a028302ed4184","hash":"cf910bcfccb737eacd52e5e4a3826df80ecb0884"}
,"C:\\Users\\Developer2\\Desktop\\js-band-hw-task-5\\src\\js\\models\\Transport.js": {"path":"C:\\Users\\Developer2\\Desktop\\js-band-hw-task-5\\src\\js\\models\\Transport.js","statementMap":{"0":{"start":{"line":3,"column":18},"end":{"line":3,"column":55}},"1":{"start":{"line":4,"column":18},"end":{"line":4,"column":55}},"2":{"start":{"line":5,"column":4},"end":{"line":5,"column":68}},"3":{"start":{"line":9,"column":4},"end":{"line":9,"column":25}},"4":{"start":{"line":10,"column":4},"end":{"line":10,"column":25}},"5":{"start":{"line":11,"column":4},"end":{"line":11,"column":31}},"6":{"start":{"line":12,"column":4},"end":{"line":12,"column":45}},"7":{"start":{"line":13,"column":4},"end":{"line":13,"column":37}},"8":{"start":{"line":14,"column":4},"end":{"line":14,"column":45}},"9":{"start":{"line":15,"column":4},"end":{"line":15,"column":26}},"10":{"start":{"line":16,"column":4},"end":{"line":16,"column":40}},"11":{"start":{"line":20,"column":4},"end":{"line":20,"column":32}},"12":{"start":{"line":24,"column":17},"end":{"line":24,"column":44}},"13":{"start":{"line":25,"column":19},"end":{"line":25,"column":64}},"14":{"start":{"line":25,"column":37},"end":{"line":25,"column":62}},"15":{"start":{"line":26,"column":4},"end":{"line":30,"column":5}},"16":{"start":{"line":27,"column":6},"end":{"line":27,"column":48}},"17":{"start":{"line":29,"column":6},"end":{"line":29,"column":85}},"18":{"start":{"line":34,"column":4},"end":{"line":34,"column":45}},"19":{"start":{"line":38,"column":4},"end":{"line":38,"column":29}},"20":{"start":{"line":42,"column":4},"end":{"line":42,"column":16}},"21":{"start":{"line":47,"column":0},"end":{"line":47,"column":21}},"22":{"start":{"line":49,"column":13},"end":{"line":49,"column":38}},"23":{"start":{"line":50,"column":28},"end":{"line":50,"column":87}},"24":{"start":{"line":50,"column":49},"end":{"line":50,"column":86}},"25":{"start":{"line":51,"column":16},"end":{"line":51,"column":83}},"26":{"start":{"line":51,"column":47},"end":{"line":51,"column":82}},"27":{"start":{"line":52,"column":17},"end":{"line":52,"column":37}},"28":{"start":{"line":54,"column":0},"end":{"line":56,"column":1}},"29":{"start":{"line":55,"column":2},"end":{"line":55,"column":34}}},"fnMap":{"0":{"name":"(anonymous_0)","decl":{"start":{"line":2,"column":2},"end":{"line":2,"column":3}},"loc":{"start":{"line":2,"column":28},"end":{"line":6,"column":3}},"line":2},"1":{"name":"(anonymous_1)","decl":{"start":{"line":8,"column":2},"end":{"line":8,"column":3}},"loc":{"start":{"line":8,"column":63},"end":{"line":17,"column":3}},"line":8},"2":{"name":"(anonymous_2)","decl":{"start":{"line":19,"column":2},"end":{"line":19,"column":3}},"loc":{"start":{"line":19,"column":15},"end":{"line":21,"column":3}},"line":19},"3":{"name":"(anonymous_3)","decl":{"start":{"line":23,"column":2},"end":{"line":23,"column":3}},"loc":{"start":{"line":23,"column":23},"end":{"line":31,"column":3}},"line":23},"4":{"name":"(anonymous_4)","decl":{"start":{"line":25,"column":29},"end":{"line":25,"column":30}},"loc":{"start":{"line":25,"column":37},"end":{"line":25,"column":62}},"line":25},"5":{"name":"(anonymous_5)","decl":{"start":{"line":33,"column":2},"end":{"line":33,"column":3}},"loc":{"start":{"line":33,"column":25},"end":{"line":35,"column":3}},"line":33},"6":{"name":"(anonymous_6)","decl":{"start":{"line":37,"column":2},"end":{"line":37,"column":3}},"loc":{"start":{"line":37,"column":21},"end":{"line":39,"column":3}},"line":37},"7":{"name":"(anonymous_7)","decl":{"start":{"line":41,"column":2},"end":{"line":41,"column":3}},"loc":{"start":{"line":41,"column":12},"end":{"line":43,"column":3}},"line":41},"8":{"name":"(anonymous_8)","decl":{"start":{"line":50,"column":40},"end":{"line":50,"column":41}},"loc":{"start":{"line":50,"column":49},"end":{"line":50,"column":86}},"line":50},"9":{"name":"(anonymous_9)","decl":{"start":{"line":51,"column":40},"end":{"line":51,"column":41}},"loc":{"start":{"line":51,"column":47},"end":{"line":51,"column":82}},"line":51}},"branchMap":{"0":{"loc":{"start":{"line":8,"column":23},"end":{"line":8,"column":61}},"type":"default-arg","locations":[{"start":{"line":8,"column":32},"end":{"line":8,"column":61}}],"line":8},"1":{"loc":{"start":{"line":26,"column":4},"end":{"line":30,"column":5}},"type":"if","locations":[{"start":{"line":26,"column":4},"end":{"line":30,"column":5}},{"start":{"line":26,"column":4},"end":{"line":30,"column":5}}],"line":26},"2":{"loc":{"start":{"line":54,"column":0},"end":{"line":56,"column":1}},"type":"if","locations":[{"start":{"line":54,"column":0},"end":{"line":56,"column":1}},{"start":{"line":54,"column":0},"end":{"line":56,"column":1}}],"line":54}},"s":{"0":7,"1":7,"2":7,"3":7,"4":7,"5":7,"6":7,"7":7,"8":7,"9":7,"10":7,"11":0,"12":3,"13":3,"14":0,"15":3,"16":0,"17":3,"18":0,"19":0,"20":0,"21":4,"22":4,"23":4,"24":0,"25":4,"26":0,"27":4,"28":4,"29":0},"f":{"0":7,"1":7,"2":0,"3":3,"4":0,"5":0,"6":0,"7":0,"8":0,"9":0},"b":{"0":[7],"1":[0,3],"2":[0,4]},"_coverageSchema":"43e27e138ebf9cfc5966b082cf9a028302ed4184","hash":"c51d1ff13d07a67f571607433e63c0b7e95fbb1b"}
,"C:\\Users\\Developer2\\Desktop\\js-band-hw-task-5\\src\\js\\models\\Truck.js": {"path":"C:\\Users\\Developer2\\Desktop\\js-band-hw-task-5\\src\\js\\models\\Truck.js","statementMap":{"0":{"start":{"line":6,"column":4},"end":{"line":6,"column":19}},"1":{"start":{"line":7,"column":4},"end":{"line":7,"column":45}},"2":{"start":{"line":8,"column":4},"end":{"line":8,"column":39}},"3":{"start":{"line":12,"column":4},"end":{"line":12,"column":43}},"4":{"start":{"line":17,"column":25},"end":{"line":39,"column":1}},"5":{"start":{"line":18,"column":25},"end":{"line":26,"column":4}},"6":{"start":{"line":28,"column":2},"end":{"line":28,"column":109}},"7":{"start":{"line":29,"column":2},"end":{"line":29,"column":105}},"8":{"start":{"line":30,"column":2},"end":{"line":30,"column":114}},"9":{"start":{"line":31,"column":2},"end":{"line":31,"column":109}},"10":{"start":{"line":33,"column":2},"end":{"line":33,"column":38}},"11":{"start":{"line":35,"column":23},"end":{"line":35,"column":59}},"12":{"start":{"line":36,"column":2},"end":{"line":36,"column":27}},"13":{"start":{"line":38,"column":2},"end":{"line":38,"column":15}},"14":{"start":{"line":41,"column":29},"end":{"line":49,"column":2}},"15":{"start":{"line":50,"column":0},"end":{"line":50,"column":35}}},"fnMap":{"0":{"name":"(anonymous_0)","decl":{"start":{"line":5,"column":2},"end":{"line":5,"column":3}},"loc":{"start":{"line":5,"column":23},"end":{"line":9,"column":3}},"line":5},"1":{"name":"(anonymous_1)","decl":{"start":{"line":11,"column":2},"end":{"line":11,"column":3}},"loc":{"start":{"line":11,"column":21},"end":{"line":13,"column":3}},"line":11},"2":{"name":"saveTruck","decl":{"start":{"line":17,"column":34},"end":{"line":17,"column":43}},"loc":{"start":{"line":17,"column":46},"end":{"line":39,"column":1}},"line":17}},"branchMap":{},"s":{"0":4,"1":4,"2":4,"3":0,"4":2,"5":0,"6":0,"7":0,"8":0,"9":0,"10":0,"11":0,"12":0,"13":0,"14":2,"15":2},"f":{"0":4,"1":0,"2":0},"b":{},"_coverageSchema":"43e27e138ebf9cfc5966b082cf9a028302ed4184","hash":"39e0f83e25762128ebbf6451342f86731dc1cce0"}
,"C:\\Users\\Developer2\\Desktop\\js-band-hw-task-5\\src\\test\\fortest.js": {"path":"C:\\Users\\Developer2\\Desktop\\js-band-hw-task-5\\src\\test\\fortest.js","statementMap":{"0":{"start":{"line":4,"column":2},"end":{"line":4,"column":11}},"1":{"start":{"line":8,"column":24},"end":{"line":16,"column":4}},"2":{"start":{"line":18,"column":2},"end":{"line":18,"column":23}}},"fnMap":{"0":{"name":"testFunction","decl":{"start":{"line":3,"column":16},"end":{"line":3,"column":28}},"loc":{"start":{"line":3,"column":31},"end":{"line":5,"column":1}},"line":3},"1":{"name":"defaultTruck","decl":{"start":{"line":7,"column":16},"end":{"line":7,"column":28}},"loc":{"start":{"line":7,"column":31},"end":{"line":19,"column":1}},"line":7}},"branchMap":{},"s":{"0":1,"1":1,"2":1},"f":{"0":1,"1":1},"b":{},"_coverageSchema":"43e27e138ebf9cfc5966b082cf9a028302ed4184","hash":"36884cfd1f3ab94f01b233a5d559b6451b2a3dfe"}
}
