TN:
SF:C:\Users\Developer2\Desktop\js-band-hw-task-5\src\index.js
FNF:0
FNH:0
LF:0
LH:0
BRF:0
BRH:0
end_of_record
TN:
SF:C:\Users\Developer2\Desktop\js-band-hw-task-5\src\js\common.js
FNF:0
FNH:0
DA:6,0
DA:8,0
LF:2
LH:0
BRF:0
BRH:0
end_of_record
TN:
SF:C:\Users\Developer2\Desktop\js-band-hw-task-5\src\js\controller\Controller.js
FN:2,(anonymous_0)
FNF:1
FNH:0
FNDA:0,(anonymous_0)
DA:3,0
DA:4,0
DA:5,0
DA:7,0
DA:8,0
DA:9,0
LF:6
LH:0
BRF:0
BRH:0
end_of_record
TN:
SF:C:\Users\Developer2\Desktop\js-band-hw-task-5\src\js\models\Cost.js
FN:4,(anonymous_0)
FN:13,(anonymous_1)
FN:22,(anonymous_2)
FN:23,(anonymous_3)
FN:31,renderList
FN:33,(anonymous_5)
FN:46,(anonymous_6)
FN:64,saveCost
FNF:8
FNH:2
FNDA:1,(anonymous_0)
FNDA:0,(anonymous_1)
FNDA:0,(anonymous_2)
FNDA:0,(anonymous_3)
FNDA:1,renderList
FNDA:0,(anonymous_5)
FNDA:0,(anonymous_6)
FNDA:0,saveCost
DA:5,1
DA:6,1
DA:7,1
DA:9,1
DA:10,1
DA:14,0
DA:19,1
DA:21,1
DA:22,1
DA:23,1
DA:24,1
DA:26,1
DA:27,0
DA:32,1
DA:33,1
DA:34,1
DA:37,1
DA:38,0
DA:41,1
DA:42,0
DA:43,0
DA:44,0
DA:46,0
DA:47,0
DA:48,0
DA:58,0
DA:62,1
DA:64,1
DA:65,0
DA:71,0
DA:73,0
DA:74,0
DA:76,0
LF:33
LH:18
BRDA:26,0,0,0
BRDA:26,0,1,1
BRDA:37,1,0,0
BRDA:37,1,1,1
BRDA:47,2,0,0
BRDA:47,2,1,0
BRF:6
BRH:2
end_of_record
TN:
SF:C:\Users\Developer2\Desktop\js-band-hw-task-5\src\js\models\Factory.js
FN:2,(anonymous_0)
FNF:1
FNH:1
FNDA:1,(anonymous_0)
DA:3,1
LF:1
LH:1
BRF:0
BRH:0
end_of_record
TN:
SF:C:\Users\Developer2\Desktop\js-band-hw-task-5\src\js\models\LocalStorage.js
FN:2,(anonymous_0)
FN:7,(anonymous_1)
FN:10,(anonymous_2)
FN:24,(anonymous_3)
FN:29,(anonymous_4)
FNF:5
FNH:0
FNDA:0,(anonymous_0)
FNDA:0,(anonymous_1)
FNDA:0,(anonymous_2)
FNDA:0,(anonymous_3)
FNDA:0,(anonymous_4)
DA:3,0
DA:4,0
DA:8,0
DA:9,0
DA:10,0
DA:11,0
DA:12,0
DA:13,0
DA:14,0
DA:15,0
DA:17,0
DA:20,0
DA:26,0
DA:30,0
LF:14
LH:0
BRDA:8,0,0,0
BRDA:8,0,1,0
BRF:2
BRH:0
end_of_record
TN:
SF:C:\Users\Developer2\Desktop\js-band-hw-task-5\src\js\models\Model.js
FNF:0
FNH:0
LF:0
LH:0
BRF:0
BRH:0
end_of_record
TN:
SF:C:\Users\Developer2\Desktop\js-band-hw-task-5\src\js\models\Ship.js
FN:5,(anonymous_0)
FN:11,(anonymous_1)
FN:17,saveShip
FNF:3
FNH:1
FNDA:2,(anonymous_0)
FNDA:0,(anonymous_1)
FNDA:0,saveShip
DA:6,2
DA:7,2
DA:8,2
DA:12,0
DA:17,1
DA:18,0
DA:28,0
DA:29,0
DA:30,0
DA:31,0
DA:33,0
DA:35,0
DA:36,0
DA:38,0
DA:41,1
DA:50,1
LF:16
LH:6
BRF:0
BRH:0
end_of_record
TN:
SF:C:\Users\Developer2\Desktop\js-band-hw-task-5\src\js\models\Transport.js
FN:2,(anonymous_0)
FN:8,(anonymous_1)
FN:19,(anonymous_2)
FN:23,(anonymous_3)
FN:25,(anonymous_4)
FN:33,(anonymous_5)
FN:37,(anonymous_6)
FN:41,(anonymous_7)
FN:50,(anonymous_8)
FN:51,(anonymous_9)
FNF:10
FNH:3
FNDA:7,(anonymous_0)
FNDA:7,(anonymous_1)
FNDA:0,(anonymous_2)
FNDA:3,(anonymous_3)
FNDA:0,(anonymous_4)
FNDA:0,(anonymous_5)
FNDA:0,(anonymous_6)
FNDA:0,(anonymous_7)
FNDA:0,(anonymous_8)
FNDA:0,(anonymous_9)
DA:3,7
DA:4,7
DA:5,7
DA:9,7
DA:10,7
DA:11,7
DA:12,7
DA:13,7
DA:14,7
DA:15,7
DA:16,7
DA:20,0
DA:24,3
DA:25,3
DA:26,3
DA:27,0
DA:29,3
DA:34,0
DA:38,0
DA:42,0
DA:47,4
DA:49,4
DA:50,4
DA:51,4
DA:52,4
DA:54,4
DA:55,0
LF:27
LH:21
BRDA:8,0,0,7
BRDA:26,1,0,0
BRDA:26,1,1,3
BRDA:54,2,0,0
BRDA:54,2,1,4
BRF:5
BRH:3
end_of_record
TN:
SF:C:\Users\Developer2\Desktop\js-band-hw-task-5\src\js\models\Truck.js
FN:5,(anonymous_0)
FN:11,(anonymous_1)
FN:17,saveTruck
FNF:3
FNH:1
FNDA:4,(anonymous_0)
FNDA:0,(anonymous_1)
FNDA:0,saveTruck
DA:6,4
DA:7,4
DA:8,4
DA:12,0
DA:17,2
DA:18,0
DA:28,0
DA:29,0
DA:30,0
DA:31,0
DA:33,0
DA:35,0
DA:36,0
DA:38,0
DA:41,2
DA:50,2
LF:16
LH:6
BRF:0
BRH:0
end_of_record
TN:
SF:C:\Users\Developer2\Desktop\js-band-hw-task-5\src\test\fortest.js
FN:3,testFunction
FN:7,defaultTruck
FNF:2
FNH:2
FNDA:1,testFunction
FNDA:1,defaultTruck
DA:4,1
DA:8,1
DA:18,1
LF:3
LH:3
BRF:0
BRH:0
end_of_record
